[debug] [2024-01-01T22:42:34.320Z] ----------------------------------------------------------------------
[debug] [2024-01-01T22:42:34.322Z] Command:       C:\Program Files\nodejs\node.exe C:\Users\lenovo\AppData\Roaming\npm\node_modules\firebase-tools\lib\bin\firebase.js deploy
[debug] [2024-01-01T22:42:34.322Z] CLI Version:   13.0.2
[debug] [2024-01-01T22:42:34.323Z] Platform:      win32
[debug] [2024-01-01T22:42:34.323Z] Node Version:  v18.15.0
[debug] [2024-01-01T22:42:34.324Z] Time:          Tue Jan 02 2024 04:12:34 GMT+0530 (India Standard Time)
[debug] [2024-01-01T22:42:34.324Z] ----------------------------------------------------------------------
[debug] 
[debug] [2024-01-01T22:42:34.393Z] > command requires scopes: ["email","openid","https://www.googleapis.com/auth/cloudplatformprojects.readonly","https://www.googleapis.com/auth/firebase","https://www.googleapis.com/auth/cloud-platform"]
[debug] [2024-01-01T22:42:34.393Z] > authorizing via signed-in user (aakhiljay06@gmail.com)
[debug] [2024-01-01T22:42:34.393Z] [iam] checking project myselfakhil-cd774 for permissions ["firebase.projects.get","firebasehosting.sites.update"]
[debug] [2024-01-01T22:42:34.396Z] >>> [apiv2][query] POST https://cloudresourcemanager.googleapis.com/v1/projects/myselfakhil-cd774:testIamPermissions [none]
[debug] [2024-01-01T22:42:34.396Z] >>> [apiv2][(partial)header] POST https://cloudresourcemanager.googleapis.com/v1/projects/myselfakhil-cd774:testIamPermissions x-goog-quota-user=projects/myselfakhil-cd774
[debug] [2024-01-01T22:42:34.396Z] >>> [apiv2][body] POST https://cloudresourcemanager.googleapis.com/v1/projects/myselfakhil-cd774:testIamPermissions {"permissions":["firebase.projects.get","firebasehosting.sites.update"]}
[debug] [2024-01-01T22:42:35.723Z] <<< [apiv2][status] POST https://cloudresourcemanager.googleapis.com/v1/projects/myselfakhil-cd774:testIamPermissions 200
[debug] [2024-01-01T22:42:35.723Z] <<< [apiv2][body] POST https://cloudresourcemanager.googleapis.com/v1/projects/myselfakhil-cd774:testIamPermissions {"permissions":["firebase.projects.get","firebasehosting.sites.update"]}
[debug] [2024-01-01T22:42:35.724Z] >>> [apiv2][query] GET https://firebase.googleapis.com/v1beta1/projects/myselfakhil-cd774 [none]
[debug] [2024-01-01T22:42:36.484Z] <<< [apiv2][status] GET https://firebase.googleapis.com/v1beta1/projects/myselfakhil-cd774 200
[debug] [2024-01-01T22:42:36.485Z] <<< [apiv2][body] GET https://firebase.googleapis.com/v1beta1/projects/myselfakhil-cd774 {"projectId":"myselfakhil-cd774","projectNumber":"162216702627","displayName":"mySelfAkhil","name":"projects/myselfakhil-cd774","resources":{"hostingSite":"myselfakhil-cd774"},"state":"ACTIVE","etag":"1_ce074d10-b106-44ec-b0d4-00a5c13ed0df"}
[info] 
[info] === Deploying to 'myselfakhil-cd774'...
[info] 
[info] i  deploying hosting 
[debug] [2024-01-01T22:42:36.494Z] >>> [apiv2][query] POST https://firebasehosting.googleapis.com/v1beta1/projects/-/sites/myselfakhil-cd774/versions [none]
[debug] [2024-01-01T22:42:36.494Z] >>> [apiv2][body] POST https://firebasehosting.googleapis.com/v1beta1/projects/-/sites/myselfakhil-cd774/versions {"status":"CREATED","labels":{"deployment-tool":"cli-firebase"}}
[debug] [2024-01-01T22:42:37.864Z] <<< [apiv2][status] POST https://firebasehosting.googleapis.com/v1beta1/projects/-/sites/myselfakhil-cd774/versions 200
[debug] [2024-01-01T22:42:37.864Z] <<< [apiv2][body] POST https://firebasehosting.googleapis.com/v1beta1/projects/-/sites/myselfakhil-cd774/versions {"name":"projects/162216702627/sites/myselfakhil-cd774/versions/c36ab5b5a8c6790d","status":"CREATED","config":{},"labels":{"deployment-tool":"cli-firebase"}}
[info] i  hosting[myselfakhil-cd774]: beginning deploy... 
[info] i  hosting[myselfakhil-cd774]: found 26 files in build 
[debug] [2024-01-01T22:42:37.879Z] [hosting] uploading with 200 concurrency
[debug] [2024-01-01T22:42:37.885Z] [hosting] hash cache [YnVpbGQ] stored for 26 files
[debug] [2024-01-01T22:42:37.885Z] [hosting][hash queue][FINAL] {"max":2,"min":0,"avg":0,"active":0,"complete":26,"success":26,"errored":0,"retried":0,"total":26,"elapsed":3}
[debug] [2024-01-01T22:42:37.886Z] >>> [apiv2][query] POST https://firebasehosting.googleapis.com/v1beta1/projects/162216702627/sites/myselfakhil-cd774/versions/c36ab5b5a8c6790d:populateFiles [none]
[debug] [2024-01-01T22:42:37.886Z] >>> [apiv2][body] POST https://firebasehosting.googleapis.com/v1beta1/projects/162216702627/sites/myselfakhil-cd774/versions/c36ab5b5a8c6790d:populateFiles {"files":{"/asset-manifest.json":"2d45f7eba7d3bb1b861f00661bce3bd9db19c46b8e6e07868cc6f99b0f728fe0","/favicon.ico":"eae62e993eb980ec8a25058c39d5a51feab118bd2100c4deebb2a9c158ec11f9","/index.html":"a4fc8a7a8ff8eb0d86e3040791d8ca549075f2c6748c915478775f52bb5dd245","/logo192.png":"3ee59515172ee198f3be375979df15ac5345183e656720a381b8872b2a39dc8b","/logo512.png":"ee7e2f3fdb8209c4b6fd7bef6ba50d1b9dba30a25bb5c3126df057e1cb6f5331","/manifest.json":"aff3449bdc238776f5d6d967f19ec491b36aed5fb7f23ccff6500736fd58494a","/robots.txt":"bfe106a3fb878dc83461c86818bf74fc1bdc7f28538ba613cd3e775516ce8b49","/static/css/main.dd8b4e03.css":"f0543ab101e37626639aae07bf9471e37b15423aa39731833e4c0db68e7e4aae","/static/css/main.dd8b4e03.css.map":"3200052bccd14eea38a8c318f473d1d2fe0e2d87b464f04219a30a3421ec31be","/static/js/787.8a7daafc.chunk.js":"c17b709f63fab53e44272cda6574d39ca98de106bb1ed927015b530e24fcd2eb","/static/js/787.8a7daafc.chunk.js.map":"94792a831be8508847ba742851158633494b00954bbb27868a50faa07b89d778","/static/js/main.f91c372c.js":"936afb578dce4ed7bd35ecfa870f459f0893ec52cd195dc4f472bc4021e2b88d","/static/js/main.f91c372c.js.LICENSE.txt":"a1e10079e8155bc5525d13d0464e64acbd892cb93e51621cce5f31f1c4cc8fe3","/static/js/main.f91c372c.js.map":"88a3680ee1b92f83cbd0449f5602a9d271a479a7959b9507d753cf11d34f8d4f","/static/media/background-removed-img.33f9f3c2f3133f3163ad.jpg":"ab0f45692703a7f6dd33391cbd4c99d19fec17b46c0d79b8a9db84699737f680","/static/media/bitmoji.a5d539e74e5633d90214.png":"10ed26d7d544d9ba5ec6d3ca9adc2781c1a474c50fdda93eae58c611ef380c07","/static/media/ecommerce.7e50325c8f82fbfdbb55.png":"ad578b7b65ae6e304c30eff9f547b3aa2af144b9265fee232ef0238f566acdbf","/static/media/Poppins-Bold.cdb29a5d7ccf57ff05a3.ttf":"b7825fbc8e745ecf82d89e2319d824fb8563e72e476860396d3cd3afa33be2a7","/static/media/Poppins-Medium.673ed42382ab264e0bf5.ttf":"9419198af572c9e3e641cdd14d24dd603a6a640ad9d196b05ec333ee71dff2f8","/static/media/Poppins-MediumItalic.89e040c6a64d18f620dc.ttf":"655358a53f4de3e33be8870a3a4db6eac424492b4f33f8ccb37b194dcecc14e9","/static/media/Poppins-Regular.35d26b781dc5fda684cc.ttf":"eb452d878bcf994bfbc5917276f7822adbbff25a0d68ed2311325ada1d01f240","/static/media/Poppins-SemiBold.ac8d04b620e54be9b0f0.ttf":"cce39ac285e2ae09d90699d59d6ccfad0a4717b7f9a9cbe43b4962428403b707","/static/media/resume.b1be27597579849e768b.pdf":"1a02264f0c5ead585616a72faacce1c4105e20f8ab443a8c1a8932d3d4d384d2","/static/media/Sen-Medium.45a374ccd217d0a6bff0.ttf":"fb7e077991faa6802d0ca8a9e53e52b32502e85ff65f755072a11529063774a3","/static/media/Sen-Regular.848a576c0dd60bc604ad.ttf":"6de457a000f3ca69ba58a41337577f351d9eedc3af9b2cc4c7187e07a286b53f","/static/media/Sen-SemiBold.ce60928750ee2a9d492d.ttf":"f7f25c097da988d070e14ba3003fe090afb42e26111d917612ed6e3e7bef42f4"}}
[debug] [2024-01-01T22:42:39.216Z] <<< [apiv2][status] POST https://firebasehosting.googleapis.com/v1beta1/projects/162216702627/sites/myselfakhil-cd774/versions/c36ab5b5a8c6790d:populateFiles 200
[debug] [2024-01-01T22:42:39.216Z] <<< [apiv2][body] POST https://firebasehosting.googleapis.com/v1beta1/projects/162216702627/sites/myselfakhil-cd774/versions/c36ab5b5a8c6790d:populateFiles {"uploadUrl":"https://upload-firebasehosting.googleapis.com/upload/sites/myselfakhil-cd774/versions/c36ab5b5a8c6790d/files"}
[debug] [2024-01-01T22:42:39.217Z] [hosting][populate queue][FINAL] {"max":1333,"min":1333,"avg":1333,"active":0,"complete":1,"success":1,"errored":0,"retried":0,"total":1,"elapsed":1333}
[debug] [2024-01-01T22:42:39.217Z] [hosting] uploads queued: 0
[debug] [2024-01-01T22:42:39.217Z] [hosting][upload queue][FINAL] {"max":0,"min":9999999999,"avg":0,"active":0,"complete":0,"success":0,"errored":0,"retried":0,"total":0,"elapsed":1704148959217}
[info] +  hosting[myselfakhil-cd774]: file upload complete 
[debug] [2024-01-01T22:42:39.219Z] [hosting] deploy completed after 1351ms
[debug] [2024-01-01T22:42:39.219Z] [
  {
    "config": {
      "public": "build",
      "ignore": [
        "firebase.json",
        "**/.*",
        "**/node_modules/**"
      ],
      "rewrites": [
        {
          "source": "**",
          "destination": "/index.html"
        }
      ],
      "site": "myselfakhil-cd774"
    },
    "version": "projects/162216702627/sites/myselfakhil-cd774/versions/c36ab5b5a8c6790d"
  }
]
[info] i  hosting[myselfakhil-cd774]: finalizing version... 
[debug] [2024-01-01T22:42:39.222Z] >>> [apiv2][query] PATCH https://firebasehosting.googleapis.com/v1beta1/projects/-/sites/myselfakhil-cd774/versions/c36ab5b5a8c6790d updateMask=status%2Cconfig
[debug] [2024-01-01T22:42:39.222Z] >>> [apiv2][body] PATCH https://firebasehosting.googleapis.com/v1beta1/projects/-/sites/myselfakhil-cd774/versions/c36ab5b5a8c6790d {"status":"FINALIZED","config":{"rewrites":[{"glob":"**","path":"/index.html"}]}}
